<?xml version="1.0" encoding="UTF-8"?>
<testng-results ignored="0" total="3" passed="3" failed="0" skipped="0">
  <reporter-output>
  </reporter-output>
  <suite started-at="2022-08-02T18:05:20 IST" name="Default suite" finished-at="2022-08-02T18:05:37 IST" duration-ms="16807">
    <groups>
    </groups>
    <test started-at="2022-08-02T18:05:20 IST" name="Default test" finished-at="2022-08-02T18:05:37 IST" duration-ms="16807">
      <class name="automationscript.Searchandorder$Search">
        <test-method signature="Lanching_the_Browser()[pri:0, instance:automationscript.Searchandorder$Search@741a8937]" started-at="2022-08-02T18:05:20 IST" name="Lanching_the_Browser" finished-at="2022-08-02T18:05:28 IST" duration-ms="8597" status="PASS">
          <reporter-output>
          </reporter-output>
        </test-method> <!-- Lanching_the_Browser -->
        <test-method signature="search()[pri:2, instance:automationscript.Searchandorder$Search@741a8937]" started-at="2022-08-02T18:05:28 IST" name="search" finished-at="2022-08-02T18:05:32 IST" duration-ms="3648" status="PASS">
          <reporter-output>
          </reporter-output>
        </test-method> <!-- search -->
        <test-method signature="Order()[pri:3, instance:automationscript.Searchandorder$Search@741a8937]" started-at="2022-08-02T18:05:32 IST" name="Order" finished-at="2022-08-02T18:05:37 IST" duration-ms="4432" status="PASS">
          <reporter-output>
          </reporter-output>
        </test-method> <!-- Order -->
      </class> <!-- automationscript.Searchandorder$Search -->
    </test> <!-- Default test -->
  </suite> <!-- Default suite -->
</testng-results>
