<?xml version="1.0" encoding="UTF-8"?>
<testng-results ignored="0" total="1" passed="1" failed="0" skipped="0">
  <reporter-output>
  </reporter-output>
  <suite started-at="2022-08-02T10:38:37 IST" name="Default suite" finished-at="2022-08-02T10:38:50 IST" duration-ms="13101">
    <groups>
    </groups>
    <test started-at="2022-08-02T10:38:37 IST" name="Default test" finished-at="2022-08-02T10:38:50 IST" duration-ms="13101">
      <class name="automationscript.Lanuch">
        <test-method signature="Lanching_the_Browser()[pri:0, instance:automationscript.Lanuch@21e360a]" started-at="2022-08-02T10:38:37 IST" name="Lanching_the_Browser" finished-at="2022-08-02T10:38:50 IST" duration-ms="13059" status="PASS">
          <reporter-output>
          </reporter-output>
        </test-method> <!-- Lanching_the_Browser -->
      </class> <!-- automationscript.Lanuch -->
    </test> <!-- Default test -->
  </suite> <!-- Default suite -->
</testng-results>
