<?xml version="1.0" encoding="UTF-8"?>
<!-- Generated by org.testng.reporters.JUnitXMLReporter -->
<testsuite ignored="0" hostname="QT-INBG-LT0406" failures="0" tests="3" name="Default test" time="30.558" errors="0" timestamp="2022-08-02T22:21:41 IST">
  <testcase classname="automationscript.Lanuch" name="Lanching_the_Browser" time="16.816"/>
  <testcase classname="automationscript.SignupandLogin" name="Sigup_for_mobiles" time="7.277"/>
  <testcase classname="automationscript.Lanuch" name="Lanching_the_Browser" time="6.364"/>
</testsuite> <!-- Default test -->
