<?xml version="1.0" encoding="UTF-8"?>
<!-- Generated by org.testng.reporters.JUnitXMLReporter -->
<testsuite ignored="0" hostname="QT-INBG-LT0406" failures="0" tests="3" name="Default test" time="16.807" errors="0" timestamp="2022-08-02T18:05:37 IST">
  <testcase classname="automationscript.Lanuch" name="Lanching_the_Browser" time="8.597"/>
  <testcase classname="automationscript.Searchandorder$Search" name="search" time="3.648"/>
  <testcase classname="automationscript.Searchandorder$Search" name="Order" time="4.432"/>
</testsuite> <!-- Default test -->
