<?xml version="1.0" encoding="UTF-8"?>
<!-- Generated by org.testng.reporters.JUnitXMLReporter -->
<testsuite ignored="0" hostname="QT-INBG-LT0406" failures="0" tests="4" name="Test" time="24.912" errors="0" timestamp="2022-08-04T18:48:07 IST">
  <testcase classname="automationscript.SignupandLogin" name="Sigup_for_mobiles" time="2.302"/>
  <testcase classname="automationscript.Login" name="Login1" time="0.461"/>
  <testcase classname="automationscript.Searchandorder" name="search" time="4.755"/>
  <testcase classname="automationscript.contactUs_page" name="contactUs" time="1.769"/>
</testsuite> <!-- Test -->
