<?xml version="1.0" encoding="UTF-8"?>
<!-- Generated by org.testng.reporters.JUnitXMLReporter -->
<testsuite ignored="0" hostname="QT-INBG-LT0406" failures="0" tests="8" name="Test" time="33.157" errors="0" timestamp="2022-08-02T22:22:47 IST">
  <testcase classname="automationscript.Lanuch" name="Lanching_the_Browser" time="15.423"/>
  <testcase classname="automationscript.Lanuch" name="Lanching_the_Browser" time="15.877"/>
  <testcase classname="automationscript.Lanuch" name="Lanching_the_Browser" time="16.345"/>
  <testcase classname="automationscript.Lanuch" name="Lanching_the_Browser" time="17.553"/>
  <testcase classname="automationscript.Searchandorder" name="search" time="5.893"/>
  <testcase classname="automationscript.contactUs_page" name="contactUs" time="7.274"/>
  <testcase classname="automationscript.Searchandorder" name="Order" time="4.479"/>
  <testcase classname="automationscript.SignupandLogin" name="Sigup_for_mobiles" time="7.233"/>
</testsuite> <!-- Test -->
